This file contains any messages produced by compilers while
running configure, to aid debugging if configure makes a mistake.

It was created by epdfinfo configure 1.0, which was
generated by GNU Autoconf 2.71.  Invocation command line was

  $ ./configure -q --bindir=/home/vidianos/.emacs.d/elpa/pdf-tools-20220214.344/

## --------- ##
## Platform. ##
## --------- ##

hostname = vidianos-tuxedoaura15
uname -m = x86_64
uname -r = 5.16.12-arch1-1
uname -s = Linux
uname -v = #1 SMP PREEMPT Wed, 02 Mar 2022 12:22:51 +0000

/usr/bin/uname -p = unknown
/bin/uname -X     = unknown

/bin/arch              = unknown
/usr/bin/arch -k       = unknown
/usr/convex/getsysinfo = unknown
/usr/bin/hostinfo      = unknown
/bin/machine           = unknown
/usr/bin/oslevel       = unknown
/bin/universe          = unknown

PATH: /usr/local/sbin/
PATH: /usr/local/bin/
PATH: /usr/bin/
PATH: /usr/lib/jvm/default/bin/
PATH: /usr/bin/site_perl/
PATH: /usr/bin/vendor_perl/
PATH: /usr/bin/core_perl/
PATH: /var/lib/snapd/snap/bin/


## ----------- ##
## Core tests. ##
## ----------- ##

configure:2743: looking for aux files: config.guess config.sub ar-lib compile missing install-sh
configure:2756:  trying ./
configure:2785:   ./config.guess found
configure:2785:   ./config.sub found
configure:2785:   ./ar-lib found
configure:2785:   ./compile found
configure:2785:   ./missing found
configure:2767:   ./install-sh found
configure:2914: checking for a BSD-compatible install
configure:2987: result: /usr/bin/install -c
configure:2998: checking whether build environment is sane
configure:3053: result: yes
configure:3212: checking for a race-free mkdir -p
configure:3256: result: /usr/bin/mkdir -p
configure:3263: checking for gawk
configure:3284: found /usr/bin/gawk
configure:3295: result: gawk
configure:3306: checking whether make sets $(MAKE)
configure:3329: result: yes
configure:3359: checking whether make supports nested variables
configure:3377: result: yes
configure:3580: checking for gcc
configure:3601: found /usr/bin/gcc
configure:3612: result: gcc
configure:3965: checking for C compiler version
configure:3974: gcc --version >&5
gcc (GCC) 11.2.0
Copyright (C) 2021 Free Software Foundation, Inc.
This is free software; see the source for copying conditions.  There is NO
warranty; not even for MERCHANTABILITY or FITNESS FOR A PARTICULAR PURPOSE.

configure:3985: $? = 0
configure:3974: gcc -v >&5
Using built-in specs.
COLLECT_GCC=gcc
COLLECT_LTO_WRAPPER=/usr/lib/gcc/x86_64-pc-linux-gnu/11.2.0/lto-wrapper
Target: x86_64-pc-linux-gnu
Configured with: /build/gcc/src/gcc/configure --enable-languages=c,c++,ada,fortran,go,lto,objc,obj-c++,d --enable-bootstrap --prefix=/usr --libdir=/usr/lib --libexecdir=/usr/lib --mandir=/usr/share/man --infodir=/usr/share/info --with-bugurl=https://bugs.archlinux.org/ --with-linker-hash-style=gnu --with-system-zlib --enable-__cxa_atexit --enable-cet=auto --enable-checking=release --enable-clocale=gnu --enable-default-pie --enable-default-ssp --enable-gnu-indirect-function --enable-gnu-unique-object --enable-linker-build-id --enable-lto --enable-multilib --enable-plugin --enable-shared --enable-threads=posix --disable-libssp --disable-libstdcxx-pch --disable-werror --with-build-config=bootstrap-lto --enable-link-serialization=1 gdc_include_dir=/usr/include/dlang/gdc
Thread model: posix
Supported LTO compression algorithms: zlib zstd
gcc version 11.2.0 (GCC) 
configure:3985: $? = 0
configure:3974: gcc -V >&5
gcc: error: unrecognized command-line option '-V'
gcc: fatal error: no input files
compilation terminated.
configure:3985: $? = 1
configure:3974: gcc -qversion >&5
gcc: error: unrecognized command-line option '-qversion'; did you mean '--version'?
gcc: fatal error: no input files
compilation terminated.
configure:3985: $? = 1
configure:3974: gcc -version >&5
gcc: error: unrecognized command-line option '-version'
gcc: fatal error: no input files
compilation terminated.
configure:3985: $? = 1
configure:4005: checking whether the C compiler works
configure:4027: gcc    conftest.c  >&5
configure:4031: $? = 0
configure:4081: result: yes
configure:4084: checking for C compiler default output file name
configure:4086: result: a.out
configure:4092: checking for suffix of executables
configure:4099: gcc -o conftest    conftest.c  >&5
configure:4103: $? = 0
configure:4126: result: 
configure:4148: checking whether we are cross compiling
configure:4156: gcc -o conftest    conftest.c  >&5
configure:4160: $? = 0
configure:4167: ./conftest
configure:4171: $? = 0
configure:4186: result: no
configure:4191: checking for suffix of object files
configure:4214: gcc -c   conftest.c >&5
configure:4218: $? = 0
configure:4240: result: o
configure:4244: checking whether the compiler supports GNU C
configure:4264: gcc -c   conftest.c >&5
configure:4264: $? = 0
configure:4274: result: yes
configure:4285: checking whether gcc accepts -g
configure:4306: gcc -c -g  conftest.c >&5
configure:4306: $? = 0
configure:4350: result: yes
configure:4370: checking for gcc option to enable C11 features
configure:4385: gcc  -c -g -O2  conftest.c >&5
configure:4385: $? = 0
configure:4403: result: none needed
configure:4519: checking whether gcc understands -c and -o together
configure:4542: gcc -c conftest.c -o conftest2.o
configure:4545: $? = 0
configure:4542: gcc -c conftest.c -o conftest2.o
configure:4545: $? = 0
configure:4557: result: yes
configure:4577: checking whether make supports the include directive
configure:4592: make -f confmf.GNU && cat confinc.out
this is the am__doit target
configure:4595: $? = 0
configure:4614: result: yes (GNU style)
configure:4640: checking dependency style of gcc
configure:4752: result: gcc3
configure:4837: checking for g++
configure:4858: found /usr/bin/g++
configure:4869: result: g++
configure:4896: checking for C++ compiler version
configure:4905: g++ --version >&5
g++ (GCC) 11.2.0
Copyright (C) 2021 Free Software Foundation, Inc.
This is free software; see the source for copying conditions.  There is NO
warranty; not even for MERCHANTABILITY or FITNESS FOR A PARTICULAR PURPOSE.

configure:4916: $? = 0
configure:4905: g++ -v >&5
Using built-in specs.
COLLECT_GCC=g++
COLLECT_LTO_WRAPPER=/usr/lib/gcc/x86_64-pc-linux-gnu/11.2.0/lto-wrapper
Target: x86_64-pc-linux-gnu
Configured with: /build/gcc/src/gcc/configure --enable-languages=c,c++,ada,fortran,go,lto,objc,obj-c++,d --enable-bootstrap --prefix=/usr --libdir=/usr/lib --libexecdir=/usr/lib --mandir=/usr/share/man --infodir=/usr/share/info --with-bugurl=https://bugs.archlinux.org/ --with-linker-hash-style=gnu --with-system-zlib --enable-__cxa_atexit --enable-cet=auto --enable-checking=release --enable-clocale=gnu --enable-default-pie --enable-default-ssp --enable-gnu-indirect-function --enable-gnu-unique-object --enable-linker-build-id --enable-lto --enable-multilib --enable-plugin --enable-shared --enable-threads=posix --disable-libssp --disable-libstdcxx-pch --disable-werror --with-build-config=bootstrap-lto --enable-link-serialization=1 gdc_include_dir=/usr/include/dlang/gdc
Thread model: posix
Supported LTO compression algorithms: zlib zstd
gcc version 11.2.0 (GCC) 
configure:4916: $? = 0
configure:4905: g++ -V >&5
g++: error: unrecognized command-line option '-V'
g++: fatal error: no input files
compilation terminated.
configure:4916: $? = 1
configure:4905: g++ -qversion >&5
g++: error: unrecognized command-line option '-qversion'; did you mean '--version'?
g++: fatal error: no input files
compilation terminated.
configure:4916: $? = 1
configure:4920: checking whether the compiler supports GNU C++
configure:4940: g++ -c   conftest.cpp >&5
configure:4940: $? = 0
configure:4950: result: yes
configure:4961: checking whether g++ accepts -g
configure:4982: g++ -c -g  conftest.cpp >&5
configure:4982: $? = 0
configure:5026: result: yes
configure:5046: checking for g++ option to enable C++11 features
configure:5061: g++  -c -g -O2  conftest.cpp >&5
conftest.cpp: In function 'int main(int, char**)':
conftest.cpp:177:25: warning: empty parentheses were disambiguated as a function declaration [-Wvexing-parse]
  177 |   cxx11test::delegate d2();
      |                         ^~
conftest.cpp:177:25: note: remove parentheses to default-initialize a variable
  177 |   cxx11test::delegate d2();
      |                         ^~
      |                         --
conftest.cpp:177:25: note: or replace parentheses with braces to value-initialize a variable
configure:5061: $? = 0
configure:5079: result: none needed
configure:5145: checking dependency style of g++
configure:5257: result: gcc3
configure:5320: checking for ranlib
configure:5341: found /usr/bin/ranlib
configure:5352: result: ranlib
configure:5430: checking for ar
configure:5451: found /usr/bin/ar
configure:5462: result: ar
configure:5488: checking the archiver (ar) interface
configure:5505: gcc -c -g -O2  conftest.c >&5
configure:5505: $? = 0
configure:5508: ar cru libconftest.a conftest.o >&5
ar: `u' modifier ignored since `D' is the default (see `U')
configure:5511: $? = 0
configure:5539: result: ar
configure:5624: checking for pkg-config
configure:5647: found /usr/bin/pkg-config
configure:5659: result: /usr/bin/pkg-config
configure:5684: checking pkg-config is at least version 0.9.0
configure:5687: result: yes
configure:5697: checking for png
configure:5704: $PKG_CONFIG --exists --print-errors "libpng"
configure:5707: $? = 0
configure:5721: $PKG_CONFIG --exists --print-errors "libpng"
configure:5724: $? = 0
configure:5782: result: yes
configure:5788: checking for glib
configure:5795: $PKG_CONFIG --exists --print-errors "glib-2.0"
configure:5798: $? = 0
configure:5812: $PKG_CONFIG --exists --print-errors "glib-2.0"
configure:5815: $? = 0
configure:5873: result: yes
configure:5879: checking for poppler
configure:5886: $PKG_CONFIG --exists --print-errors "poppler"
configure:5889: $? = 0
configure:5903: $PKG_CONFIG --exists --print-errors "poppler"
configure:5906: $? = 0
configure:5964: result: yes
configure:5970: checking for poppler_glib
configure:5977: $PKG_CONFIG --exists --print-errors "poppler-glib >= 0.16.0"
configure:5980: $? = 0
configure:5994: $PKG_CONFIG --exists --print-errors "poppler-glib >= 0.16.0"
configure:5997: $? = 0
configure:6055: result: yes
configure:6060: $PKG_CONFIG --exists --print-errors "poppler-glib >= 0.19.4"
configure:6063: $? = 0
configure:6068: $PKG_CONFIG --exists --print-errors "poppler-glib >= 0.22"
configure:6071: $? = 0
configure:6076: $PKG_CONFIG --exists --print-errors "poppler-glib >= 0.26"
configure:6079: $? = 0
configure:6085: checking for zlib
configure:6092: $PKG_CONFIG --exists --print-errors "zlib"
configure:6095: $? = 0
configure:6109: $PKG_CONFIG --exists --print-errors "zlib"
configure:6112: $? = 0
configure:6170: result: yes
configure:6190: gcc -c -g -O2  conftest.c >&5
conftest.c:13:13: error: expected ';' before 'int'
   13 |        error
      |             ^
      |             ;
......
   16 | int
      | ~~~          
configure:6190: $? = 1
configure: failed program was:
| /* confdefs.h */
| #define PACKAGE_NAME "epdfinfo"
| #define PACKAGE_TARNAME "epdfinfo"
| #define PACKAGE_VERSION "1.0"
| #define PACKAGE_STRING "epdfinfo 1.0"
| #define PACKAGE_BUGREPORT "politza@fh-trier.de"
| #define PACKAGE_URL ""
| #define PACKAGE "epdfinfo"
| #define VERSION "1.0"
| /* end confdefs.h.  */
| 
|      #ifndef _WIN32
|        error
|      #endif
| 
| int
| main (void)
| {
| 
|   ;
|   return 0;
| }
configure:6283: checking whether C++ compiler accepts -std=c++11
configure:6303: g++ -c -g -O2  -std=c++11 -I/usr/include/poppler  conftest.cpp >&5
configure:6303: $? = 0
configure:6312: result: yes
configure:6330: checking for stdio.h
configure:6330: g++ -c -std=c++11 -g -O2 -I/usr/include/poppler  conftest.cpp >&5
configure:6330: $? = 0
configure:6330: result: yes
configure:6330: checking for stdlib.h
configure:6330: g++ -c -std=c++11 -g -O2 -I/usr/include/poppler  conftest.cpp >&5
configure:6330: $? = 0
configure:6330: result: yes
configure:6330: checking for string.h
configure:6330: g++ -c -std=c++11 -g -O2 -I/usr/include/poppler  conftest.cpp >&5
configure:6330: $? = 0
configure:6330: result: yes
configure:6330: checking for inttypes.h
configure:6330: g++ -c -std=c++11 -g -O2 -I/usr/include/poppler  conftest.cpp >&5
configure:6330: $? = 0
configure:6330: result: yes
configure:6330: checking for stdint.h
configure:6330: g++ -c -std=c++11 -g -O2 -I/usr/include/poppler  conftest.cpp >&5
configure:6330: $? = 0
configure:6330: result: yes
configure:6330: checking for strings.h
configure:6330: g++ -c -std=c++11 -g -O2 -I/usr/include/poppler  conftest.cpp >&5
configure:6330: $? = 0
configure:6330: result: yes
configure:6330: checking for sys/stat.h
configure:6330: g++ -c -std=c++11 -g -O2 -I/usr/include/poppler  conftest.cpp >&5
configure:6330: $? = 0
configure:6330: result: yes
configure:6330: checking for sys/types.h
configure:6330: g++ -c -std=c++11 -g -O2 -I/usr/include/poppler  conftest.cpp >&5
configure:6330: $? = 0
configure:6330: result: yes
configure:6330: checking for unistd.h
configure:6330: g++ -c -std=c++11 -g -O2 -I/usr/include/poppler  conftest.cpp >&5
configure:6330: $? = 0
configure:6330: result: yes
configure:6358: checking for Annot.h
configure:6358: g++ -c -std=c++11 -g -O2 -I/usr/include/poppler  conftest.cpp >&5
configure:6358: $? = 0
configure:6358: result: yes
configure:6358: checking for PDFDocEncoding.h
configure:6358: g++ -c -std=c++11 -g -O2 -I/usr/include/poppler  conftest.cpp >&5
configure:6358: $? = 0
configure:6358: result: yes
configure:6403: checking build system type
configure:6418: result: x86_64-pc-linux-gnu
configure:6438: checking host system type
configure:6452: result: x86_64-pc-linux-gnu
configure:6473: checking for stdlib.h
configure:6473: result: yes
configure:6479: checking for string.h
configure:6479: result: yes
configure:6485: checking for strings.h
configure:6485: result: yes
configure:6491: checking for err.h
configure:6491: gcc -c -g -O2  conftest.c >&5
configure:6491: $? = 0
configure:6491: result: yes
configure:6499: checking for error.h
configure:6522: gcc -c -I/usr/include/poppler  -I/usr/include/poppler/glib -I/usr/include/glib-2.0 -I/usr/lib/glib-2.0/include -I/usr/include/sysprof-4 -I/usr/include/cairo -I/usr/include/lzo -I/usr/include/libpng16 -I/usr/include/freetype2 -I/usr/include/harfbuzz -pthread -I/usr/include/pixman-1 -I/usr/include/poppler   conftest.c >&5
configure:6522: $? = 0
configure:6527: result: yes
configure:6543: checking for size_t
configure:6543: gcc -c -g -O2  conftest.c >&5
configure:6543: $? = 0
configure:6543: gcc -c -g -O2  conftest.c >&5
conftest.c: In function 'main':
conftest.c:62:21: error: expected expression before ')' token
   62 | if (sizeof ((size_t)))
      |                     ^
configure:6543: $? = 1
configure: failed program was:
| /* confdefs.h */
| #define PACKAGE_NAME "epdfinfo"
| #define PACKAGE_TARNAME "epdfinfo"
| #define PACKAGE_VERSION "1.0"
| #define PACKAGE_STRING "epdfinfo 1.0"
| #define PACKAGE_BUGREPORT "politza@fh-trier.de"
| #define PACKAGE_URL ""
| #define PACKAGE "epdfinfo"
| #define VERSION "1.0"
| #define HAVE_STDIO_H 1
| #define HAVE_STDLIB_H 1
| #define HAVE_STRING_H 1
| #define HAVE_INTTYPES_H 1
| #define HAVE_STDINT_H 1
| #define HAVE_STRINGS_H 1
| #define HAVE_SYS_STAT_H 1
| #define HAVE_SYS_TYPES_H 1
| #define HAVE_UNISTD_H 1
| #define STDC_HEADERS 1
| #define HAVE_ANNOT_H 1
| #define HAVE_PDFDOCENCODING_H 1
| #define HAVE_POPPLER_FIND_OPTS 1
| #define HAVE_POPPLER_ANNOT_WRITE 1
| #define HAVE_POPPLER_ANNOT_MARKUP 1
| #define HAVE_STDLIB_H 1
| #define HAVE_STRING_H 1
| #define HAVE_STRINGS_H 1
| #define HAVE_ERR_H 1
| #define HAVE_ERROR_H 1
| /* end confdefs.h.  */
| #include <stddef.h>
| #ifdef HAVE_STDIO_H
| # include <stdio.h>
| #endif
| #ifdef HAVE_STDLIB_H
| # include <stdlib.h>
| #endif
| #ifdef HAVE_STRING_H
| # include <string.h>
| #endif
| #ifdef HAVE_INTTYPES_H
| # include <inttypes.h>
| #endif
| #ifdef HAVE_STDINT_H
| # include <stdint.h>
| #endif
| #ifdef HAVE_STRINGS_H
| # include <strings.h>
| #endif
| #ifdef HAVE_SYS_TYPES_H
| # include <sys/types.h>
| #endif
| #ifdef HAVE_SYS_STAT_H
| # include <sys/stat.h>
| #endif
| #ifdef HAVE_UNISTD_H
| # include <unistd.h>
| #endif
| int
| main (void)
| {
| if (sizeof ((size_t)))
| 	    return 0;
|   ;
|   return 0;
| }
configure:6543: result: yes
configure:6553: checking for ssize_t
configure:6553: gcc -c -g -O2  conftest.c >&5
configure:6553: $? = 0
configure:6553: gcc -c -g -O2  conftest.c >&5
conftest.c: In function 'main':
conftest.c:62:22: error: expected expression before ')' token
   62 | if (sizeof ((ssize_t)))
      |                      ^
configure:6553: $? = 1
configure: failed program was:
| /* confdefs.h */
| #define PACKAGE_NAME "epdfinfo"
| #define PACKAGE_TARNAME "epdfinfo"
| #define PACKAGE_VERSION "1.0"
| #define PACKAGE_STRING "epdfinfo 1.0"
| #define PACKAGE_BUGREPORT "politza@fh-trier.de"
| #define PACKAGE_URL ""
| #define PACKAGE "epdfinfo"
| #define VERSION "1.0"
| #define HAVE_STDIO_H 1
| #define HAVE_STDLIB_H 1
| #define HAVE_STRING_H 1
| #define HAVE_INTTYPES_H 1
| #define HAVE_STDINT_H 1
| #define HAVE_STRINGS_H 1
| #define HAVE_SYS_STAT_H 1
| #define HAVE_SYS_TYPES_H 1
| #define HAVE_UNISTD_H 1
| #define STDC_HEADERS 1
| #define HAVE_ANNOT_H 1
| #define HAVE_PDFDOCENCODING_H 1
| #define HAVE_POPPLER_FIND_OPTS 1
| #define HAVE_POPPLER_ANNOT_WRITE 1
| #define HAVE_POPPLER_ANNOT_MARKUP 1
| #define HAVE_STDLIB_H 1
| #define HAVE_STRING_H 1
| #define HAVE_STRINGS_H 1
| #define HAVE_ERR_H 1
| #define HAVE_ERROR_H 1
| /* end confdefs.h.  */
| #include <stddef.h>
| #ifdef HAVE_STDIO_H
| # include <stdio.h>
| #endif
| #ifdef HAVE_STDLIB_H
| # include <stdlib.h>
| #endif
| #ifdef HAVE_STRING_H
| # include <string.h>
| #endif
| #ifdef HAVE_INTTYPES_H
| # include <inttypes.h>
| #endif
| #ifdef HAVE_STDINT_H
| # include <stdint.h>
| #endif
| #ifdef HAVE_STRINGS_H
| # include <strings.h>
| #endif
| #ifdef HAVE_SYS_TYPES_H
| # include <sys/types.h>
| #endif
| #ifdef HAVE_SYS_STAT_H
| # include <sys/stat.h>
| #endif
| #ifdef HAVE_UNISTD_H
| # include <unistd.h>
| #endif
| int
| main (void)
| {
| if (sizeof ((ssize_t)))
| 	    return 0;
|   ;
|   return 0;
| }
configure:6553: result: yes
configure:6563: checking for ptrdiff_t
configure:6563: gcc -c -g -O2  conftest.c >&5
configure:6563: $? = 0
configure:6563: gcc -c -g -O2  conftest.c >&5
conftest.c: In function 'main':
conftest.c:62:24: error: expected expression before ')' token
   62 | if (sizeof ((ptrdiff_t)))
      |                        ^
configure:6563: $? = 1
configure: failed program was:
| /* confdefs.h */
| #define PACKAGE_NAME "epdfinfo"
| #define PACKAGE_TARNAME "epdfinfo"
| #define PACKAGE_VERSION "1.0"
| #define PACKAGE_STRING "epdfinfo 1.0"
| #define PACKAGE_BUGREPORT "politza@fh-trier.de"
| #define PACKAGE_URL ""
| #define PACKAGE "epdfinfo"
| #define VERSION "1.0"
| #define HAVE_STDIO_H 1
| #define HAVE_STDLIB_H 1
| #define HAVE_STRING_H 1
| #define HAVE_INTTYPES_H 1
| #define HAVE_STDINT_H 1
| #define HAVE_STRINGS_H 1
| #define HAVE_SYS_STAT_H 1
| #define HAVE_SYS_TYPES_H 1
| #define HAVE_UNISTD_H 1
| #define STDC_HEADERS 1
| #define HAVE_ANNOT_H 1
| #define HAVE_PDFDOCENCODING_H 1
| #define HAVE_POPPLER_FIND_OPTS 1
| #define HAVE_POPPLER_ANNOT_WRITE 1
| #define HAVE_POPPLER_ANNOT_MARKUP 1
| #define HAVE_STDLIB_H 1
| #define HAVE_STRING_H 1
| #define HAVE_STRINGS_H 1
| #define HAVE_ERR_H 1
| #define HAVE_ERROR_H 1
| /* end confdefs.h.  */
| #include <stddef.h>
| #ifdef HAVE_STDIO_H
| # include <stdio.h>
| #endif
| #ifdef HAVE_STDLIB_H
| # include <stdlib.h>
| #endif
| #ifdef HAVE_STRING_H
| # include <string.h>
| #endif
| #ifdef HAVE_INTTYPES_H
| # include <inttypes.h>
| #endif
| #ifdef HAVE_STDINT_H
| # include <stdint.h>
| #endif
| #ifdef HAVE_STRINGS_H
| # include <strings.h>
| #endif
| #ifdef HAVE_SYS_TYPES_H
| # include <sys/types.h>
| #endif
| #ifdef HAVE_SYS_STAT_H
| # include <sys/stat.h>
| #endif
| #ifdef HAVE_UNISTD_H
| # include <unistd.h>
| #endif
| int
| main (void)
| {
| if (sizeof ((ptrdiff_t)))
| 	    return 0;
|   ;
|   return 0;
| }
configure:6563: result: yes
configure:6572: checking whether byte ordering is bigendian
configure:6588: gcc -c -g -O2  conftest.c >&5
conftest.c:33:16: error: unknown type name 'not'
   33 |                not a universal capable compiler
      |                ^~~
conftest.c:33:22: error: expected '=', ',', ';', 'asm' or '__attribute__' before 'universal'
   33 |                not a universal capable compiler
      |                      ^~~~~~~~~
conftest.c:33:22: error: unknown type name 'universal'
configure:6588: $? = 1
configure: failed program was:
| /* confdefs.h */
| #define PACKAGE_NAME "epdfinfo"
| #define PACKAGE_TARNAME "epdfinfo"
| #define PACKAGE_VERSION "1.0"
| #define PACKAGE_STRING "epdfinfo 1.0"
| #define PACKAGE_BUGREPORT "politza@fh-trier.de"
| #define PACKAGE_URL ""
| #define PACKAGE "epdfinfo"
| #define VERSION "1.0"
| #define HAVE_STDIO_H 1
| #define HAVE_STDLIB_H 1
| #define HAVE_STRING_H 1
| #define HAVE_INTTYPES_H 1
| #define HAVE_STDINT_H 1
| #define HAVE_STRINGS_H 1
| #define HAVE_SYS_STAT_H 1
| #define HAVE_SYS_TYPES_H 1
| #define HAVE_UNISTD_H 1
| #define STDC_HEADERS 1
| #define HAVE_ANNOT_H 1
| #define HAVE_PDFDOCENCODING_H 1
| #define HAVE_POPPLER_FIND_OPTS 1
| #define HAVE_POPPLER_ANNOT_WRITE 1
| #define HAVE_POPPLER_ANNOT_MARKUP 1
| #define HAVE_STDLIB_H 1
| #define HAVE_STRING_H 1
| #define HAVE_STRINGS_H 1
| #define HAVE_ERR_H 1
| #define HAVE_ERROR_H 1
| #define HAVE_PTRDIFF_T 1
| /* end confdefs.h.  */
| #ifndef __APPLE_CC__
| 	       not a universal capable compiler
| 	     #endif
| 	     typedef int dummy;
| 
configure:6634: gcc -c -g -O2  conftest.c >&5
configure:6634: $? = 0
configure:6653: gcc -c -g -O2  conftest.c >&5
conftest.c: In function 'main':
conftest.c:39:18: error: unknown type name 'not'; did you mean 'ino_t'?
   39 |                  not big endian
      |                  ^~~
      |                  ino_t
conftest.c:39:26: error: expected '=', ',', ';', 'asm' or '__attribute__' before 'endian'
   39 |                  not big endian
      |                          ^~~~~~
configure:6653: $? = 1
configure: failed program was:
| /* confdefs.h */
| #define PACKAGE_NAME "epdfinfo"
| #define PACKAGE_TARNAME "epdfinfo"
| #define PACKAGE_VERSION "1.0"
| #define PACKAGE_STRING "epdfinfo 1.0"
| #define PACKAGE_BUGREPORT "politza@fh-trier.de"
| #define PACKAGE_URL ""
| #define PACKAGE "epdfinfo"
| #define VERSION "1.0"
| #define HAVE_STDIO_H 1
| #define HAVE_STDLIB_H 1
| #define HAVE_STRING_H 1
| #define HAVE_INTTYPES_H 1
| #define HAVE_STDINT_H 1
| #define HAVE_STRINGS_H 1
| #define HAVE_SYS_STAT_H 1
| #define HAVE_SYS_TYPES_H 1
| #define HAVE_UNISTD_H 1
| #define STDC_HEADERS 1
| #define HAVE_ANNOT_H 1
| #define HAVE_PDFDOCENCODING_H 1
| #define HAVE_POPPLER_FIND_OPTS 1
| #define HAVE_POPPLER_ANNOT_WRITE 1
| #define HAVE_POPPLER_ANNOT_MARKUP 1
| #define HAVE_STDLIB_H 1
| #define HAVE_STRING_H 1
| #define HAVE_STRINGS_H 1
| #define HAVE_ERR_H 1
| #define HAVE_ERROR_H 1
| #define HAVE_PTRDIFF_T 1
| /* end confdefs.h.  */
| #include <sys/types.h>
| 		#include <sys/param.h>
| 
| int
| main (void)
| {
| #if BYTE_ORDER != BIG_ENDIAN
| 		 not big endian
| 		#endif
| 
|   ;
|   return 0;
| }
configure:6787: result: no
configure:6807: checking for error_at_line
configure:6824: gcc -o conftest -g -O2   conftest.c  >&5
configure:6824: $? = 0
configure:6833: result: yes
configure:6844: checking for working strtod
configure:6887: gcc -o conftest -g -O2   conftest.c  >&5
configure:6887: $? = 0
configure:6887: ./conftest
configure:6887: $? = 0
configure:6898: result: yes
configure:6961: checking for strcspn
configure:6961: gcc -o conftest -g -O2   conftest.c  >&5
conftest.c:48:6: warning: conflicting types for built-in function 'strcspn'; expected 'long unsigned int(const char *, const char *)' [-Wbuiltin-declaration-mismatch]
   48 | char strcspn ();
      |      ^~~~~~~
conftest.c:40:1: note: 'strcspn' is declared in header '<string.h>'
   39 | #include <limits.h>
   40 | #undef strcspn
configure:6961: $? = 0
configure:6961: result: yes
configure:6967: checking for strtol
configure:6967: gcc -o conftest -g -O2   conftest.c  >&5
configure:6967: $? = 0
configure:6967: result: yes
configure:6973: checking for getline
configure:6973: gcc -o conftest -g -O2   conftest.c  >&5
configure:6973: $? = 0
configure:6973: result: yes
configure:7084: checking that generated files are newer than configure
configure:7090: result: done
configure:7122: creating ./config.status

## ---------------------- ##
## Running config.status. ##
## ---------------------- ##

This file was extended by epdfinfo config.status 1.0, which was
generated by GNU Autoconf 2.71.  Invocation command line was

  CONFIG_FILES    = 
  CONFIG_HEADERS  = 
  CONFIG_LINKS    = 
  CONFIG_COMMANDS = 
  $ ./config.status --quiet

on vidianos-tuxedoaura15

config.status:894: creating Makefile
config.status:894: creating config.h
config.status:1075: config.h is unchanged
config.status:1123: executing depfiles commands
config.status:1200: cd .       && sed -e '/# am--include-marker/d' Makefile         | make -f - am--depfiles
make: Nothing to be done for 'am--depfiles'.
config.status:1205: $? = 0

## ---------------- ##
## Cache variables. ##
## ---------------- ##

ac_cv_build=x86_64-pc-linux-gnu
ac_cv_c_bigendian=no
ac_cv_c_compiler_gnu=yes
ac_cv_cxx_compiler_gnu=yes
ac_cv_env_CCC_set=
ac_cv_env_CCC_value=
ac_cv_env_CC_set=
ac_cv_env_CC_value=
ac_cv_env_CFLAGS_set=
ac_cv_env_CFLAGS_value=
ac_cv_env_CPPFLAGS_set=
ac_cv_env_CPPFLAGS_value=
ac_cv_env_CXXFLAGS_set=
ac_cv_env_CXXFLAGS_value=
ac_cv_env_CXX_set=
ac_cv_env_CXX_value=
ac_cv_env_LDFLAGS_set=
ac_cv_env_LDFLAGS_value=
ac_cv_env_LIBS_set=
ac_cv_env_LIBS_value=
ac_cv_env_PKG_CONFIG_LIBDIR_set=
ac_cv_env_PKG_CONFIG_LIBDIR_value=
ac_cv_env_PKG_CONFIG_PATH_set=
ac_cv_env_PKG_CONFIG_PATH_value=
ac_cv_env_PKG_CONFIG_set=
ac_cv_env_PKG_CONFIG_value=
ac_cv_env_build_alias_set=
ac_cv_env_build_alias_value=
ac_cv_env_glib_CFLAGS_set=
ac_cv_env_glib_CFLAGS_value=
ac_cv_env_glib_LIBS_set=
ac_cv_env_glib_LIBS_value=
ac_cv_env_host_alias_set=
ac_cv_env_host_alias_value=
ac_cv_env_png_CFLAGS_set=
ac_cv_env_png_CFLAGS_value=
ac_cv_env_png_LIBS_set=
ac_cv_env_png_LIBS_value=
ac_cv_env_poppler_CFLAGS_set=
ac_cv_env_poppler_CFLAGS_value=
ac_cv_env_poppler_LIBS_set=
ac_cv_env_poppler_LIBS_value=
ac_cv_env_poppler_glib_CFLAGS_set=
ac_cv_env_poppler_glib_CFLAGS_value=
ac_cv_env_poppler_glib_LIBS_set=
ac_cv_env_poppler_glib_LIBS_value=
ac_cv_env_target_alias_set=
ac_cv_env_target_alias_value=
ac_cv_env_zlib_CFLAGS_set=
ac_cv_env_zlib_CFLAGS_value=
ac_cv_env_zlib_LIBS_set=
ac_cv_env_zlib_LIBS_value=
ac_cv_func_getline=yes
ac_cv_func_strcspn=yes
ac_cv_func_strtod=yes
ac_cv_func_strtol=yes
ac_cv_header_Annot_h=yes
ac_cv_header_PDFDocEncoding_h=yes
ac_cv_header_err_h=yes
ac_cv_header_inttypes_h=yes
ac_cv_header_stdint_h=yes
ac_cv_header_stdio_h=yes
ac_cv_header_stdlib_h=yes
ac_cv_header_string_h=yes
ac_cv_header_strings_h=yes
ac_cv_header_sys_stat_h=yes
ac_cv_header_sys_types_h=yes
ac_cv_header_unistd_h=yes
ac_cv_host=x86_64-pc-linux-gnu
ac_cv_lib_error_at_line=yes
ac_cv_objext=o
ac_cv_path_ac_pt_PKG_CONFIG=/usr/bin/pkg-config
ac_cv_path_install='/usr/bin/install -c'
ac_cv_path_mkdir=/usr/bin/mkdir
ac_cv_prog_AWK=gawk
ac_cv_prog_ac_ct_AR=ar
ac_cv_prog_ac_ct_CC=gcc
ac_cv_prog_ac_ct_CXX=g++
ac_cv_prog_ac_ct_RANLIB=ranlib
ac_cv_prog_cc_c11=
ac_cv_prog_cc_g=yes
ac_cv_prog_cc_stdc=
ac_cv_prog_cxx_11=no
ac_cv_prog_cxx_cxx11=
ac_cv_prog_cxx_g=yes
ac_cv_prog_cxx_stdcxx=
ac_cv_prog_make_make_set=yes
ac_cv_type_ptrdiff_t=yes
ac_cv_type_size_t=yes
ac_cv_type_ssize_t=yes
am_cv_CC_dependencies_compiler_type=gcc3
am_cv_CXX_dependencies_compiler_type=gcc3
am_cv_ar_interface=ar
am_cv_make_support_nested_variables=yes
am_cv_prog_cc_c_o=yes
ax_cv_check_cxxflags___std_cpp11=yes
pkg_cv_glib_CFLAGS='-I/usr/include/glib-2.0 -I/usr/lib/glib-2.0/include -I/usr/include/sysprof-4 -pthread '
pkg_cv_glib_LIBS='-lglib-2.0 '
pkg_cv_png_CFLAGS='-I/usr/include/libpng16 '
pkg_cv_png_LIBS='-lpng16 -lz '
pkg_cv_poppler_CFLAGS='-I/usr/include/poppler '
pkg_cv_poppler_LIBS='-lpoppler '
pkg_cv_poppler_glib_CFLAGS='-I/usr/include/poppler/glib -I/usr/include/glib-2.0 -I/usr/lib/glib-2.0/include -I/usr/include/sysprof-4 -I/usr/include/cairo -I/usr/include/lzo -I/usr/include/libpng16 -I/usr/include/freetype2 -I/usr/include/harfbuzz -pthread -I/usr/include/pixman-1 -I/usr/include/poppler '
pkg_cv_poppler_glib_LIBS='-lpoppler-glib -lgobject-2.0 -lglib-2.0 -lcairo '
pkg_cv_zlib_CFLAGS=
pkg_cv_zlib_LIBS='-lz '

## ----------------- ##
## Output variables. ##
## ----------------- ##

ACLOCAL='${SHELL} '\''/home/vidianos/.emacs.d/elpa/pdf-tools-20220214.344/build/server/missing'\'' aclocal-1.16'
AMDEPBACKSLASH='\'
AMDEP_FALSE='#'
AMDEP_TRUE=''
AMTAR='$${TAR-tar}'
AM_BACKSLASH='\'
AM_DEFAULT_V='$(AM_DEFAULT_VERBOSITY)'
AM_DEFAULT_VERBOSITY='1'
AM_V='$(V)'
AR='ar'
AUTOCONF='${SHELL} '\''/home/vidianos/.emacs.d/elpa/pdf-tools-20220214.344/build/server/missing'\'' autoconf'
AUTOHEADER='${SHELL} '\''/home/vidianos/.emacs.d/elpa/pdf-tools-20220214.344/build/server/missing'\'' autoheader'
AUTOMAKE='${SHELL} '\''/home/vidianos/.emacs.d/elpa/pdf-tools-20220214.344/build/server/missing'\'' automake-1.16'
AWK='gawk'
CC='gcc'
CCDEPMODE='depmode=gcc3'
CFLAGS='-g -O2'
CPPFLAGS=''
CSCOPE='cscope'
CTAGS='ctags'
CXX='g++'
CXXDEPMODE='depmode=gcc3'
CXXFLAGS='-std=c++11 -g -O2'
CYGPATH_W='echo'
DEFS='-DHAVE_CONFIG_H'
DEPDIR='.deps'
ECHO_C=''
ECHO_N='-n'
ECHO_T=''
ETAGS='etags'
EXEEXT=''
HAVE_W32_FALSE=''
HAVE_W32_TRUE='#'
INSTALL_DATA='${INSTALL} -m 644'
INSTALL_PROGRAM='${INSTALL}'
INSTALL_SCRIPT='${INSTALL}'
INSTALL_STRIP_PROGRAM='$(install_sh) -c -s'
LDFLAGS=''
LIBOBJS=''
LIBS=''
LTLIBOBJS=''
MAKEINFO='${SHELL} '\''/home/vidianos/.emacs.d/elpa/pdf-tools-20220214.344/build/server/missing'\'' makeinfo'
MKDIR_P='/usr/bin/mkdir -p'
OBJEXT='o'
PACKAGE='epdfinfo'
PACKAGE_BUGREPORT='politza@fh-trier.de'
PACKAGE_NAME='epdfinfo'
PACKAGE_STRING='epdfinfo 1.0'
PACKAGE_TARNAME='epdfinfo'
PACKAGE_URL=''
PACKAGE_VERSION='1.0'
PATH_SEPARATOR=':'
PKG_CONFIG='/usr/bin/pkg-config'
PKG_CONFIG_LIBDIR=''
PKG_CONFIG_PATH=''
POW_LIB=''
RANLIB='ranlib'
SET_MAKE=''
SHELL='/bin/sh'
STRIP=''
VERSION='1.0'
ac_ct_AR='ar'
ac_ct_CC='gcc'
ac_ct_CXX='g++'
am__EXEEXT_FALSE=''
am__EXEEXT_TRUE='#'
am__fastdepCC_FALSE='#'
am__fastdepCC_TRUE=''
am__fastdepCXX_FALSE='#'
am__fastdepCXX_TRUE=''
am__include='include'
am__isrc=''
am__leading_dot='.'
am__nodep='_no'
am__quote=''
am__tar='$${TAR-tar} chof - "$$tardir"'
am__untar='$${TAR-tar} xf -'
bindir='/home/vidianos/.emacs.d/elpa/pdf-tools-20220214.344'
build='x86_64-pc-linux-gnu'
build_alias=''
build_cpu='x86_64'
build_os='linux-gnu'
build_vendor='pc'
datadir='${datarootdir}'
datarootdir='${prefix}/share'
docdir='${datarootdir}/doc/${PACKAGE_TARNAME}'
dvidir='${docdir}'
exec_prefix='${prefix}'
glib_CFLAGS='-I/usr/include/glib-2.0 -I/usr/lib/glib-2.0/include -I/usr/include/sysprof-4 -pthread '
glib_LIBS='-lglib-2.0 '
host='x86_64-pc-linux-gnu'
host_alias=''
host_cpu='x86_64'
host_os='linux-gnu'
host_vendor='pc'
htmldir='${docdir}'
includedir='${prefix}/include'
infodir='${datarootdir}/info'
install_sh='${SHELL} /home/vidianos/.emacs.d/elpa/pdf-tools-20220214.344/build/server/install-sh'
libdir='${exec_prefix}/lib'
libexecdir='${exec_prefix}/libexec'
localedir='${datarootdir}/locale'
localstatedir='${prefix}/var'
mandir='${datarootdir}/man'
mkdir_p='$(MKDIR_P)'
oldincludedir='/usr/include'
pdfdir='${docdir}'
png_CFLAGS='-I/usr/include/libpng16 '
png_LIBS='-lpng16 -lz '
poppler_CFLAGS='-I/usr/include/poppler '
poppler_LIBS='-lpoppler '
poppler_glib_CFLAGS='-I/usr/include/poppler/glib -I/usr/include/glib-2.0 -I/usr/lib/glib-2.0/include -I/usr/include/sysprof-4 -I/usr/include/cairo -I/usr/include/lzo -I/usr/include/libpng16 -I/usr/include/freetype2 -I/usr/include/harfbuzz -pthread -I/usr/include/pixman-1 -I/usr/include/poppler '
poppler_glib_LIBS='-lpoppler-glib -lgobject-2.0 -lglib-2.0 -lcairo '
prefix='/usr/local'
program_transform_name='s,x,x,'
psdir='${docdir}'
runstatedir='${localstatedir}/run'
sbindir='${exec_prefix}/sbin'
sharedstatedir='${prefix}/com'
sysconfdir='${prefix}/etc'
target_alias=''
zlib_CFLAGS=''
zlib_LIBS='-lz '

## ----------- ##
## confdefs.h. ##
## ----------- ##

/* confdefs.h */
#define PACKAGE_NAME "epdfinfo"
#define PACKAGE_TARNAME "epdfinfo"
#define PACKAGE_VERSION "1.0"
#define PACKAGE_STRING "epdfinfo 1.0"
#define PACKAGE_BUGREPORT "politza@fh-trier.de"
#define PACKAGE_URL ""
#define PACKAGE "epdfinfo"
#define VERSION "1.0"
#define HAVE_STDIO_H 1
#define HAVE_STDLIB_H 1
#define HAVE_STRING_H 1
#define HAVE_INTTYPES_H 1
#define HAVE_STDINT_H 1
#define HAVE_STRINGS_H 1
#define HAVE_SYS_STAT_H 1
#define HAVE_SYS_TYPES_H 1
#define HAVE_UNISTD_H 1
#define STDC_HEADERS 1
#define HAVE_ANNOT_H 1
#define HAVE_PDFDOCENCODING_H 1
#define HAVE_POPPLER_FIND_OPTS 1
#define HAVE_POPPLER_ANNOT_WRITE 1
#define HAVE_POPPLER_ANNOT_MARKUP 1
#define HAVE_STDLIB_H 1
#define HAVE_STRING_H 1
#define HAVE_STRINGS_H 1
#define HAVE_ERR_H 1
#define HAVE_ERROR_H 1
#define HAVE_PTRDIFF_T 1
#define HAVE_STRCSPN 1
#define HAVE_STRTOL 1
#define HAVE_GETLINE 1

configure: exit 0
